This is pdfTeX, Version 3.14159265-2.6-1.40.16 (TeX Live 2015) (preloaded format=pdflatex 2015.7.18)  22 APR 2016 19:30
entering extended mode
 restricted \write18 enabled.
 %&-line parsing enabled.
**auto_roster.tex
(./auto_roster.tex
LaTeX2e <2015/01/01> patch level 2
Babel <3.9l> and hyphenation patterns for 79 languages loaded.
(./baposter.cls
Document Class: baposter 2011/11/26 v2.0 baposter class
(/usr/local/texlive/2015/texmf-dist/tex/latex/base/article.cls
Document Class: article 2014/09/29 v1.4h Standard LaTeX document class
(/usr/local/texlive/2015/texmf-dist/tex/latex/base/size10.clo
File: size10.clo 2014/09/29 v1.4h Standard LaTeX file (size option)
)
\c@part=\count79
\c@section=\count80
\c@subsection=\count81
\c@subsubsection=\count82
\c@paragraph=\count83
\c@subparagraph=\count84
\c@figure=\count85
\c@table=\count86
\abovecaptionskip=\skip41
\belowcaptionskip=\skip42
\bibindent=\dimen102
)
baposter: Brian Amberg, 2007, 2008, 2009, 2010, 2011 | http://www.brian-amberg.
de/uni/poster/
baposter: Reinhold Kainhofer, 2011 | http://reinhold.kainhofer.com/
\baposter@basepaperwidth=\skip43
\baposter@basepaperheight=\skip44
\baposter@basemargin=\skip45
\baposter@finalpaperwidth=\skip46
\baposter@finalpaperheight=\skip47
\baposter@finalmargin=\skip48
\headerheight=\skip49
\colwidth=\skip50
\colheight=\skip51
\baposter@@colspacing=\skip52
\baposter@box@@cornerradius=\skip53
\baposter@box@@boxheaderheight=\skip54
\baposter@box@@boxpadding=\skip55
\boxstartx=\skip56
\boxstarty=\skip57
\boxwidth=\skip58
\boxheight=\skip59
\baposter@titleimage@left@width=\skip60
\baposter@titleimage@right@width=\skip61
\baposter@titleimage@textwidth=\skip62
\baposter@box@content=\box26
\baposter@titleimage@left=\box27
\baposter@titleimage@title=\box28
\baposter@titleimage@right=\box29
Use Packages
(/usr/local/texlive/2015/texmf-dist/tex/latex/xkeyval/xkeyval.sty
Package: xkeyval 2014/12/03 v2.7a package option processing (HA)

(/usr/local/texlive/2015/texmf-dist/tex/generic/xkeyval/xkeyval.tex
(/usr/local/texlive/2015/texmf-dist/tex/generic/xkeyval/xkvutils.tex
\XKV@toks=\toks14
\XKV@tempa@toks=\toks15

(/usr/local/texlive/2015/texmf-dist/tex/generic/xkeyval/keyval.tex))
\XKV@depth=\count87
File: xkeyval.tex 2014/12/03 v2.7a key=value parser (HA)
))
(/usr/local/texlive/2015/texmf-dist/tex/latex/tools/calc.sty
Package: calc 2014/10/28 v4.3 Infix arithmetic (KKT,FJ)
\calc@Acount=\count88
\calc@Bcount=\count89
\calc@Adimen=\dimen103
\calc@Bdimen=\dimen104
\calc@Askip=\skip63
\calc@Bskip=\skip64
LaTeX Info: Redefining \setlength on input line 80.
LaTeX Info: Redefining \addtolength on input line 81.
\calc@Ccount=\count90
\calc@Cskip=\skip65
)
(/usr/local/texlive/2015/texmf-dist/tex/latex/xcolor/xcolor.sty
Package: xcolor 2007/01/21 v2.11 LaTeX color extensions (UK)

(/usr/local/texlive/2015/texmf-dist/tex/latex/latexconfig/color.cfg
File: color.cfg 2007/01/18 v1.5 color configuration of teTeX/TeXLive
)
Package xcolor Info: Driver file: pdftex.def on input line 225.

(/usr/local/texlive/2015/texmf-dist/tex/latex/pdftex-def/pdftex.def
File: pdftex.def 2011/05/27 v0.06d Graphics/color for pdfTeX

(/usr/local/texlive/2015/texmf-dist/tex/generic/oberdiek/infwarerr.sty
Package: infwarerr 2010/04/08 v1.3 Providing info/warning/error messages (HO)
)
(/usr/local/texlive/2015/texmf-dist/tex/generic/oberdiek/ltxcmds.sty
Package: ltxcmds 2011/11/09 v1.22 LaTeX kernel commands for general use (HO)
)
\Gread@gobject=\count91
)
Package xcolor Info: Model `cmy' substituted by `cmy0' on input line 1337.
Package xcolor Info: Model `hsb' substituted by `rgb' on input line 1341.
Package xcolor Info: Model `RGB' extended on input line 1353.
Package xcolor Info: Model `HTML' substituted by `rgb' on input line 1355.
Package xcolor Info: Model `Hsb' substituted by `hsb' on input line 1356.
Package xcolor Info: Model `tHsb' substituted by `hsb' on input line 1357.
Package xcolor Info: Model `HSB' substituted by `hsb' on input line 1358.
Package xcolor Info: Model `Gray' substituted by `gray' on input line 1359.
Package xcolor Info: Model `wave' substituted by `hsb' on input line 1360.
)
(/usr/local/texlive/2015/texmf-dist/tex/latex/pgf/frontendlayer/tikz.sty
(/usr/local/texlive/2015/texmf-dist/tex/latex/pgf/basiclayer/pgf.sty
(/usr/local/texlive/2015/texmf-dist/tex/latex/pgf/utilities/pgfrcs.sty
(/usr/local/texlive/2015/texmf-dist/tex/generic/pgf/utilities/pgfutil-common.te
x
\pgfutil@everybye=\toks16
\pgfutil@tempdima=\dimen105
\pgfutil@tempdimb=\dimen106

(/usr/local/texlive/2015/texmf-dist/tex/generic/pgf/utilities/pgfutil-common-li
sts.tex))
(/usr/local/texlive/2015/texmf-dist/tex/generic/pgf/utilities/pgfutil-latex.def
\pgfutil@abb=\box30
(/usr/local/texlive/2015/texmf-dist/tex/latex/ms/everyshi.sty
Package: everyshi 2001/05/15 v3.00 EveryShipout Package (MS)
))
(/usr/local/texlive/2015/texmf-dist/tex/generic/pgf/utilities/pgfrcs.code.tex
Package: pgfrcs 2013/12/20 v3.0.0 (rcs-revision 1.28)
))
Package: pgf 2013/12/18 v3.0.0 (rcs-revision 1.14)
(/usr/local/texlive/2015/texmf-dist/tex/latex/pgf/basiclayer/pgfcore.sty
(/usr/local/texlive/2015/texmf-dist/tex/latex/graphics/graphicx.sty
Package: graphicx 2014/10/28 v1.0g Enhanced LaTeX Graphics (DPC,SPQR)

(/usr/local/texlive/2015/texmf-dist/tex/latex/graphics/graphics.sty
Package: graphics 2014/10/28 v1.0p Standard LaTeX Graphics (DPC,SPQR)

(/usr/local/texlive/2015/texmf-dist/tex/latex/graphics/trig.sty
Package: trig 1999/03/16 v1.09 sin cos tan (DPC)
)
(/usr/local/texlive/2015/texmf-dist/tex/latex/latexconfig/graphics.cfg
File: graphics.cfg 2010/04/23 v1.9 graphics configuration of TeX Live
)
Package graphics Info: Driver file: pdftex.def on input line 94.
)
\Gin@req@height=\dimen107
\Gin@req@width=\dimen108
)
(/usr/local/texlive/2015/texmf-dist/tex/latex/pgf/systemlayer/pgfsys.sty
(/usr/local/texlive/2015/texmf-dist/tex/generic/pgf/systemlayer/pgfsys.code.tex
Package: pgfsys 2013/11/30 v3.0.0 (rcs-revision 1.47)
(/usr/local/texlive/2015/texmf-dist/tex/generic/pgf/utilities/pgfkeys.code.tex
\pgfkeys@pathtoks=\toks17
\pgfkeys@temptoks=\toks18

(/usr/local/texlive/2015/texmf-dist/tex/generic/pgf/utilities/pgfkeysfiltered.c
ode.tex
\pgfkeys@tmptoks=\toks19
))
\pgf@x=\dimen109
\pgf@y=\dimen110
\pgf@xa=\dimen111
\pgf@ya=\dimen112
\pgf@xb=\dimen113
\pgf@yb=\dimen114
\pgf@xc=\dimen115
\pgf@yc=\dimen116
\w@pgf@writea=\write3
\r@pgf@reada=\read1
\c@pgf@counta=\count92
\c@pgf@countb=\count93
\c@pgf@countc=\count94
\c@pgf@countd=\count95
\t@pgf@toka=\toks20
\t@pgf@tokb=\toks21
\t@pgf@tokc=\toks22

(/usr/local/texlive/2015/texmf-dist/tex/generic/pgf/systemlayer/pgf.cfg
File: pgf.cfg 2008/05/14  (rcs-revision 1.7)
)
Driver file for pgf: pgfsys-pdftex.def

(/usr/local/texlive/2015/texmf-dist/tex/generic/pgf/systemlayer/pgfsys-pdftex.d
ef
File: pgfsys-pdftex.def 2013/07/18  (rcs-revision 1.33)

(/usr/local/texlive/2015/texmf-dist/tex/generic/pgf/systemlayer/pgfsys-common-p
df.def
File: pgfsys-common-pdf.def 2013/10/10  (rcs-revision 1.13)
)))
(/usr/local/texlive/2015/texmf-dist/tex/generic/pgf/systemlayer/pgfsyssoftpath.
code.tex
File: pgfsyssoftpath.code.tex 2013/09/09  (rcs-revision 1.9)
\pgfsyssoftpath@smallbuffer@items=\count96
\pgfsyssoftpath@bigbuffer@items=\count97
)
(/usr/local/texlive/2015/texmf-dist/tex/generic/pgf/systemlayer/pgfsysprotocol.
code.tex
File: pgfsysprotocol.code.tex 2006/10/16  (rcs-revision 1.4)
))
(/usr/local/texlive/2015/texmf-dist/tex/generic/pgf/basiclayer/pgfcore.code.tex
Package: pgfcore 2010/04/11 v3.0.0 (rcs-revision 1.7)
(/usr/local/texlive/2015/texmf-dist/tex/generic/pgf/math/pgfmath.code.tex
(/usr/local/texlive/2015/texmf-dist/tex/generic/pgf/math/pgfmathcalc.code.tex
(/usr/local/texlive/2015/texmf-dist/tex/generic/pgf/math/pgfmathutil.code.tex)
(/usr/local/texlive/2015/texmf-dist/tex/generic/pgf/math/pgfmathparser.code.tex
\pgfmath@dimen=\dimen117
\pgfmath@count=\count98
\pgfmath@box=\box31
\pgfmath@toks=\toks23
\pgfmath@stack@operand=\toks24
\pgfmath@stack@operation=\toks25
)
(/usr/local/texlive/2015/texmf-dist/tex/generic/pgf/math/pgfmathfunctions.code.
tex
(/usr/local/texlive/2015/texmf-dist/tex/generic/pgf/math/pgfmathfunctions.basic
.code.tex)
(/usr/local/texlive/2015/texmf-dist/tex/generic/pgf/math/pgfmathfunctions.trigo
nometric.code.tex)
(/usr/local/texlive/2015/texmf-dist/tex/generic/pgf/math/pgfmathfunctions.rando
m.code.tex)
(/usr/local/texlive/2015/texmf-dist/tex/generic/pgf/math/pgfmathfunctions.compa
rison.code.tex)
(/usr/local/texlive/2015/texmf-dist/tex/generic/pgf/math/pgfmathfunctions.base.
code.tex)
(/usr/local/texlive/2015/texmf-dist/tex/generic/pgf/math/pgfmathfunctions.round
.code.tex)
(/usr/local/texlive/2015/texmf-dist/tex/generic/pgf/math/pgfmathfunctions.misc.
code.tex)
(/usr/local/texlive/2015/texmf-dist/tex/generic/pgf/math/pgfmathfunctions.integ
erarithmetics.code.tex)))
(/usr/local/texlive/2015/texmf-dist/tex/generic/pgf/math/pgfmathfloat.code.tex
\c@pgfmathroundto@lastzeros=\count99
))
(/usr/local/texlive/2015/texmf-dist/tex/generic/pgf/basiclayer/pgfcorepoints.co
de.tex
File: pgfcorepoints.code.tex 2013/10/07  (rcs-revision 1.27)
\pgf@picminx=\dimen118
\pgf@picmaxx=\dimen119
\pgf@picminy=\dimen120
\pgf@picmaxy=\dimen121
\pgf@pathminx=\dimen122
\pgf@pathmaxx=\dimen123
\pgf@pathminy=\dimen124
\pgf@pathmaxy=\dimen125
\pgf@xx=\dimen126
\pgf@xy=\dimen127
\pgf@yx=\dimen128
\pgf@yy=\dimen129
\pgf@zx=\dimen130
\pgf@zy=\dimen131
)
(/usr/local/texlive/2015/texmf-dist/tex/generic/pgf/basiclayer/pgfcorepathconst
ruct.code.tex
File: pgfcorepathconstruct.code.tex 2013/10/07  (rcs-revision 1.29)
\pgf@path@lastx=\dimen132
\pgf@path@lasty=\dimen133
)
(/usr/local/texlive/2015/texmf-dist/tex/generic/pgf/basiclayer/pgfcorepathusage
.code.tex
File: pgfcorepathusage.code.tex 2013/12/13  (rcs-revision 1.23)
\pgf@shorten@end@additional=\dimen134
\pgf@shorten@start@additional=\dimen135
)
(/usr/local/texlive/2015/texmf-dist/tex/generic/pgf/basiclayer/pgfcorescopes.co
de.tex
File: pgfcorescopes.code.tex 2013/10/09  (rcs-revision 1.44)
\pgfpic=\box32
\pgf@hbox=\box33
\pgf@layerbox@main=\box34
\pgf@picture@serial@count=\count100
)
(/usr/local/texlive/2015/texmf-dist/tex/generic/pgf/basiclayer/pgfcoregraphicst
ate.code.tex
File: pgfcoregraphicstate.code.tex 2013/09/19  (rcs-revision 1.11)
\pgflinewidth=\dimen136
)
(/usr/local/texlive/2015/texmf-dist/tex/generic/pgf/basiclayer/pgfcoretransform
ations.code.tex
File: pgfcoretransformations.code.tex 2013/10/10  (rcs-revision 1.17)
\pgf@pt@x=\dimen137
\pgf@pt@y=\dimen138
\pgf@pt@temp=\dimen139
)
(/usr/local/texlive/2015/texmf-dist/tex/generic/pgf/basiclayer/pgfcorequick.cod
e.tex
File: pgfcorequick.code.tex 2008/10/09  (rcs-revision 1.3)
)
(/usr/local/texlive/2015/texmf-dist/tex/generic/pgf/basiclayer/pgfcoreobjects.c
ode.tex
File: pgfcoreobjects.code.tex 2006/10/11  (rcs-revision 1.2)
)
(/usr/local/texlive/2015/texmf-dist/tex/generic/pgf/basiclayer/pgfcorepathproce
ssing.code.tex
File: pgfcorepathprocessing.code.tex 2013/09/09  (rcs-revision 1.9)
)
(/usr/local/texlive/2015/texmf-dist/tex/generic/pgf/basiclayer/pgfcorearrows.co
de.tex
File: pgfcorearrows.code.tex 2013/11/07  (rcs-revision 1.40)
\pgfarrowsep=\dimen140
)
(/usr/local/texlive/2015/texmf-dist/tex/generic/pgf/basiclayer/pgfcoreshade.cod
e.tex
File: pgfcoreshade.code.tex 2013/07/15  (rcs-revision 1.15)
\pgf@max=\dimen141
\pgf@sys@shading@range@num=\count101
)
(/usr/local/texlive/2015/texmf-dist/tex/generic/pgf/basiclayer/pgfcoreimage.cod
e.tex
File: pgfcoreimage.code.tex 2013/07/15  (rcs-revision 1.18)

(/usr/local/texlive/2015/texmf-dist/tex/generic/pgf/basiclayer/pgfcoreexternal.
code.tex
File: pgfcoreexternal.code.tex 2013/07/15  (rcs-revision 1.20)
\pgfexternal@startupbox=\box35
))
(/usr/local/texlive/2015/texmf-dist/tex/generic/pgf/basiclayer/pgfcorelayers.co
de.tex
File: pgfcorelayers.code.tex 2013/07/18  (rcs-revision 1.7)
)
(/usr/local/texlive/2015/texmf-dist/tex/generic/pgf/basiclayer/pgfcoretranspare
ncy.code.tex
File: pgfcoretransparency.code.tex 2013/09/30  (rcs-revision 1.5)
)
(/usr/local/texlive/2015/texmf-dist/tex/generic/pgf/basiclayer/pgfcorepatterns.
code.tex
File: pgfcorepatterns.code.tex 2013/11/07  (rcs-revision 1.5)
)))
(/usr/local/texlive/2015/texmf-dist/tex/generic/pgf/modules/pgfmoduleshapes.cod
e.tex
File: pgfmoduleshapes.code.tex 2013/10/31  (rcs-revision 1.34)
\pgfnodeparttextbox=\box36
)
(/usr/local/texlive/2015/texmf-dist/tex/generic/pgf/modules/pgfmoduleplot.code.
tex
File: pgfmoduleplot.code.tex 2013/07/31  (rcs-revision 1.12)
)
(/usr/local/texlive/2015/texmf-dist/tex/latex/pgf/compatibility/pgfcomp-version
-0-65.sty
Package: pgfcomp-version-0-65 2007/07/03 v3.0.0 (rcs-revision 1.7)
\pgf@nodesepstart=\dimen142
\pgf@nodesepend=\dimen143
)
(/usr/local/texlive/2015/texmf-dist/tex/latex/pgf/compatibility/pgfcomp-version
-1-18.sty
Package: pgfcomp-version-1-18 2007/07/23 v3.0.0 (rcs-revision 1.1)
))
(/usr/local/texlive/2015/texmf-dist/tex/latex/pgf/utilities/pgffor.sty
(/usr/local/texlive/2015/texmf-dist/tex/latex/pgf/utilities/pgfkeys.sty
(/usr/local/texlive/2015/texmf-dist/tex/generic/pgf/utilities/pgfkeys.code.tex)
) (/usr/local/texlive/2015/texmf-dist/tex/latex/pgf/math/pgfmath.sty
(/usr/local/texlive/2015/texmf-dist/tex/generic/pgf/math/pgfmath.code.tex))
(/usr/local/texlive/2015/texmf-dist/tex/generic/pgf/utilities/pgffor.code.tex
Package: pgffor 2013/12/13 v3.0.0 (rcs-revision 1.25)

(/usr/local/texlive/2015/texmf-dist/tex/generic/pgf/math/pgfmath.code.tex)
\pgffor@iter=\dimen144
\pgffor@skip=\dimen145
\pgffor@stack=\toks26
\pgffor@toks=\toks27
))
(/usr/local/texlive/2015/texmf-dist/tex/generic/pgf/frontendlayer/tikz/tikz.cod
e.tex
Package: tikz 2013/12/13 v3.0.0 (rcs-revision 1.142)

(/usr/local/texlive/2015/texmf-dist/tex/generic/pgf/libraries/pgflibraryplothan
dlers.code.tex
File: pgflibraryplothandlers.code.tex 2013/08/31 v3.0.0 (rcs-revision 1.20)
\pgf@plot@mark@count=\count102
\pgfplotmarksize=\dimen146
)
\tikz@lastx=\dimen147
\tikz@lasty=\dimen148
\tikz@lastxsaved=\dimen149
\tikz@lastysaved=\dimen150
\tikzleveldistance=\dimen151
\tikzsiblingdistance=\dimen152
\tikz@figbox=\box37
\tikz@figbox@bg=\box38
\tikz@tempbox=\box39
\tikz@tempbox@bg=\box40
\tikztreelevel=\count103
\tikznumberofchildren=\count104
\tikznumberofcurrentchild=\count105
\tikz@fig@count=\count106

(/usr/local/texlive/2015/texmf-dist/tex/generic/pgf/modules/pgfmodulematrix.cod
e.tex
File: pgfmodulematrix.code.tex 2013/09/17  (rcs-revision 1.8)
\pgfmatrixcurrentrow=\count107
\pgfmatrixcurrentcolumn=\count108
\pgf@matrix@numberofcolumns=\count109
)
\tikz@expandcount=\count110

(/usr/local/texlive/2015/texmf-dist/tex/generic/pgf/frontendlayer/tikz/librarie
s/tikzlibrarytopaths.code.tex
File: tikzlibrarytopaths.code.tex 2008/06/17 v3.0.0 (rcs-revision 1.2)
)))
(/usr/local/texlive/2015/texmf-dist/tex/latex/base/ifthen.sty
Package: ifthen 2014/09/29 v1.1c Standard LaTeX ifthen package (DPC)
)
(/usr/local/texlive/2015/texmf-dist/tex/latex/base/fontenc.sty
Package: fontenc 2005/09/27 v1.99g Standard LaTeX package

(/usr/local/texlive/2015/texmf-dist/tex/latex/base/t1enc.def
File: t1enc.def 2005/09/27 v1.99g Standard LaTeX file
LaTeX Font Info:    Redeclaring font encoding T1 on input line 48.
))
(/usr/local/texlive/2015/texmf-dist/tex/generic/pgf/frontendlayer/tikz/librarie
s/tikzlibrarydecorations.code.tex
(/usr/local/texlive/2015/texmf-dist/tex/generic/pgf/modules/pgfmoduledecoration
s.code.tex
\pgfdecoratedcompleteddistance=\dimen153
\pgfdecoratedremainingdistance=\dimen154
\pgfdecoratedinputsegmentcompleteddistance=\dimen155
\pgfdecoratedinputsegmentremainingdistance=\dimen156
\pgf@decorate@distancetomove=\dimen157
\pgf@decorate@repeatstate=\count111
\pgfdecorationsegmentamplitude=\dimen158
\pgfdecorationsegmentlength=\dimen159
)
\tikz@lib@dec@box=\box41
)
(/usr/local/texlive/2015/texmf-dist/tex/generic/pgf/frontendlayer/tikz/librarie
s/tikzlibraryfadings.code.tex
File: tikzlibraryfadings.code.tex 2009/11/15 v3.0.0 (rcs-revision 1.2)

(/usr/local/texlive/2015/texmf-dist/tex/generic/pgf/libraries/pgflibraryfadings
.code.tex
File: pgflibraryfadings.code.tex 2008/02/07 v3.0.0 (rcs-revision 1.3)
))
(/usr/local/texlive/2015/texmf-dist/tex/generic/pgf/frontendlayer/tikz/librarie
s/tikzlibrarysnakes.code.tex
File: tikzlibrarysnakes.code.tex 2013/07/15 v3.0.0 (rcs-revision 1.7)


Package pgf Warning: Snakes have been superseded by decorations. Please use the
 decoration libraries instead of the snakes library on input line 14.


(/usr/local/texlive/2015/texmf-dist/tex/generic/pgf/frontendlayer/tikz/librarie
s/tikzlibrarydecorations.pathmorphing.code.tex
(/usr/local/texlive/2015/texmf-dist/tex/generic/pgf/libraries/decorations/pgfli
brarydecorations.pathmorphing.code.tex))
(/usr/local/texlive/2015/texmf-dist/tex/generic/pgf/frontendlayer/tikz/librarie
s/tikzlibrarydecorations.pathreplacing.code.tex
(/usr/local/texlive/2015/texmf-dist/tex/generic/pgf/libraries/decorations/pgfli
brarydecorations.pathreplacing.code.tex))
(/usr/local/texlive/2015/texmf-dist/tex/generic/pgf/frontendlayer/tikz/librarie
s/tikzlibrarydecorations.shapes.code.tex
(/usr/local/texlive/2015/texmf-dist/tex/generic/pgf/libraries/decorations/pgfli
brarydecorations.shapes.code.tex)))
(/usr/local/texlive/2015/texmf-dist/tex/generic/pgf/frontendlayer/tikz/librarie
s/tikzlibrarycalc.code.tex
File: tikzlibrarycalc.code.tex 2013/07/15 v3.0.0 (rcs-revision 1.9)
)
\baposter@movebody=\skip66
\baposter@basemarginright=\skip67
\baposter@basemarginleft=\skip68

Paperwidth=2392.87677pt
Paperheight=3383.03267pt
BasePaperwidth=698.73782pt
BasePaperheight=987.87073pt
(/usr/local/texlive/2015/texmf-dist/tex/latex/geometry/geometry.sty
Package: geometry 2010/09/12 v5.6 Page Geometry

(/usr/local/texlive/2015/texmf-dist/tex/generic/oberdiek/ifpdf.sty
Package: ifpdf 2011/01/30 v2.3 Provides the ifpdf switch (HO)
Package ifpdf Info: pdfTeX in PDF mode is detected.
)
(/usr/local/texlive/2015/texmf-dist/tex/generic/oberdiek/ifvtex.sty
Package: ifvtex 2010/03/01 v1.5 Detect VTeX and its facilities (HO)
Package ifvtex Info: VTeX not detected.
)
(/usr/local/texlive/2015/texmf-dist/tex/generic/ifxetex/ifxetex.sty
Package: ifxetex 2010/09/12 v0.6 Provides ifxetex conditional
)
\Gm@cnth=\count112
\Gm@cntv=\count113
\c@Gm@tempcnt=\count114
\Gm@bindingoffset=\dimen160
\Gm@wd@mp=\dimen161
\Gm@odd@mp=\dimen162
\Gm@even@mp=\dimen163
\Gm@layoutwidth=\dimen164
\Gm@layoutheight=\dimen165
\Gm@layouthoffset=\dimen166
\Gm@layoutvoffset=\dimen167
\Gm@dimlist=\toks28
)
(/usr/local/texlive/2015/texmf-dist/tex/latex/pgf/utilities/pgfpages.sty
Package: pgfpages 2011/01/05 ver 0.02
\pgf@logicalpages=\count115
\pgf@firstshipout=\count116
\pgf@lastshipout=\count117
\pgf@currentshipout=\count118
\pgf@cpn=\count119
\pgf@shipoutnextto=\count120
\pgfphysicalheight=\dimen168
\pgfphysicalwidth=\dimen169
\pgfpages@shipoutbox=\box42
)
\pgfpages@box@1=\box43
)
(./algorithm2e.sty
Package: algorithm2e 2005/10/04 v3.9 algorithms environments
\c@AlgoLine=\count121

(/usr/local/texlive/2015/texmf-dist/tex/latex/tools/xspace.sty
Package: xspace 2014/10/28 v1.13 Space after command names (DPC,MH)
)
********************************************************
Package `algorithm2e' Release 3.9 -- october 04 2005 --
- algorithm2e-announce@lirmm.fr mailing list for announcement about releases
- algorithm2e-discussion@lirmm.fr mailing list for discussion about package
subscribe by emailing sympa@lirmm.fr with 'subscribe <list> <firstname name>'
- Author: Christophe Fiorio (fiorio@lirmm.fr)
********************************************************
\skiptotal=\skip69
\skiprule=\skip70
\skiphlne=\skip71
\skiptext=\skip72
\skiplength=\skip73
\algomargin=\skip74
\skipalgocfslide=\skip75
\algowidth=\dimen170
\inoutsize=\dimen171
\inoutline=\dimen172
\algocf@inoutbox=\box44
\algocf@inputbox=\box45
\AlCapSkip=\skip76
\AlCapHSkip=\skip77
\algocf@capbox=\box46
\c@algocfline=\count122
\c@algocf=\count123
\algocf@algoframe=\box47
\algocf@algobox=\box48
) (/usr/local/texlive/2015/texmf-dist/tex/latex/psnfss/times.sty
Package: times 2005/04/12 PSNFSS-v9.2a (SPQR) 
)
(/usr/local/texlive/2015/texmf-dist/tex/latex/url/url.sty
\Urlmuskip=\muskip10
Package: url 2013/09/16  ver 3.4  Verb mode for urls, etc.
)
(/usr/local/texlive/2015/texmf-dist/tex/latex/amsmath/amsmath.sty
Package: amsmath 2013/01/14 v2.14 AMS math features
\@mathmargin=\skip78

For additional information on amsmath, use the `?' option.
(/usr/local/texlive/2015/texmf-dist/tex/latex/amsmath/amstext.sty
Package: amstext 2000/06/29 v2.01

(/usr/local/texlive/2015/texmf-dist/tex/latex/amsmath/amsgen.sty
File: amsgen.sty 1999/11/30 v2.0
\@emptytoks=\toks29
\ex@=\dimen173
))
(/usr/local/texlive/2015/texmf-dist/tex/latex/amsmath/amsbsy.sty
Package: amsbsy 1999/11/29 v1.2d
\pmbraise@=\dimen174
)
(/usr/local/texlive/2015/texmf-dist/tex/latex/amsmath/amsopn.sty
Package: amsopn 1999/12/14 v2.01 operator names
)
\inf@bad=\count124
LaTeX Info: Redefining \frac on input line 210.
\uproot@=\count125
\leftroot@=\count126
LaTeX Info: Redefining \overline on input line 306.
\classnum@=\count127
\DOTSCASE@=\count128
LaTeX Info: Redefining \ldots on input line 378.
LaTeX Info: Redefining \dots on input line 381.
LaTeX Info: Redefining \cdots on input line 466.
\Mathstrutbox@=\box49
\strutbox@=\box50
\big@size=\dimen175
LaTeX Font Info:    Redeclaring font encoding OML on input line 566.
LaTeX Font Info:    Redeclaring font encoding OMS on input line 567.
\macc@depth=\count129
\c@MaxMatrixCols=\count130
\dotsspace@=\muskip11
\c@parentequation=\count131
\dspbrk@lvl=\count132
\tag@help=\toks30
\row@=\count133
\column@=\count134
\maxfields@=\count135
\andhelp@=\toks31
\eqnshift@=\dimen176
\alignsep@=\dimen177
\tagshift@=\dimen178
\tagwidth@=\dimen179
\totwidth@=\dimen180
\lineht@=\dimen181
\@envbody=\toks32
\multlinegap=\skip79
\multlinetaggap=\skip80
\mathdisplay@stack=\toks33
LaTeX Info: Redefining \[ on input line 2665.
LaTeX Info: Redefining \] on input line 2666.
)
(/usr/local/texlive/2015/texmf-dist/tex/latex/amsfonts/amssymb.sty
Package: amssymb 2013/01/14 v3.01 AMS font symbols

(/usr/local/texlive/2015/texmf-dist/tex/latex/amsfonts/amsfonts.sty
Package: amsfonts 2013/01/14 v3.01 Basic AMSFonts support
\symAMSa=\mathgroup4
\symAMSb=\mathgroup5
LaTeX Font Info:    Overwriting math alphabet `\mathfrak' in version `bold'
(Font)                  U/euf/m/n --> U/euf/b/n on input line 106.
))
(/usr/local/texlive/2015/texmf-dist/tex/latex/relsize/relsize.sty
Package: relsize 2013/03/29 ver 4.1
)
(/usr/local/texlive/2015/texmf-dist/tex/latex/multirow/multirow.sty
\bigstrutjot=\dimen182
)
(/usr/local/texlive/2015/texmf-dist/tex/latex/booktabs/booktabs.sty
Package: booktabs 2005/04/14 v1.61803 publication quality tables
\heavyrulewidth=\dimen183
\lightrulewidth=\dimen184
\cmidrulewidth=\dimen185
\belowrulesep=\dimen186
\belowbottomsep=\dimen187
\aboverulesep=\dimen188
\abovetopsep=\dimen189
\cmidrulesep=\dimen190
\cmidrulekern=\dimen191
\defaultaddspace=\dimen192
\@cmidla=\count136
\@cmidlb=\count137
\@aboverulesep=\dimen193
\@belowrulesep=\dimen194
\@thisruleclass=\count138
\@lastruleclass=\count139
\@thisrulewidth=\dimen195
)
(/usr/local/texlive/2015/texmf-dist/tex/latex/tools/multicol.sty
Package: multicol 2015/03/31 v1.8m multicolumn formatting (FMi)
\c@tracingmulticols=\count140
\mult@box=\box51
\multicol@leftmargin=\dimen196
\c@unbalance=\count141
\c@collectmore=\count142
\doublecol@number=\count143
\multicoltolerance=\count144
\multicolpretolerance=\count145
\full@width=\dimen197
\page@free=\dimen198
\premulticols=\dimen199
\postmulticols=\dimen200
\multicolsep=\skip81
\multicolbaselineskip=\skip82
\partial@page=\box52
\last@line=\box53
\maxbalancingoverflow=\dimen201
\mult@rightbox=\box54
\mult@grightbox=\box55
\mult@gfirstbox=\box56
\mult@firstbox=\box57
\@tempa=\box58
\@tempa=\box59
\@tempa=\box60
\@tempa=\box61
\@tempa=\box62
\@tempa=\box63
\@tempa=\box64
\@tempa=\box65
\@tempa=\box66
\@tempa=\box67
\@tempa=\box68
\@tempa=\box69
\@tempa=\box70
\@tempa=\box71
\@tempa=\box72
\@tempa=\box73
\@tempa=\box74
\c@columnbadness=\count146
\c@finalcolumnbadness=\count147
\last@try=\dimen202
\multicolovershoot=\dimen203
\multicolundershoot=\dimen204
\mult@nat@firstbox=\box75
\colbreak@box=\box76
\mc@col@check@num=\count148
)
(/usr/local/texlive/2015/texmf-dist/tex/latex/base/fontenc.sty
Package: fontenc 2005/09/27 v1.99g Standard LaTeX package

(/usr/local/texlive/2015/texmf-dist/tex/latex/base/t1enc.def
File: t1enc.def 2005/09/27 v1.99g Standard LaTeX file
LaTeX Font Info:    Redeclaring font encoding T1 on input line 48.
))
(/usr/local/texlive/2015/texmf-dist/tex/latex/ae/ae.sty
Package: ae 2001/02/12 1.3 Almost European Computer Modern

(/usr/local/texlive/2015/texmf-dist/tex/latex/base/fontenc.sty
Package: fontenc 2005/09/27 v1.99g Standard LaTeX package

(/usr/local/texlive/2015/texmf-dist/tex/latex/base/t1enc.def
File: t1enc.def 2005/09/27 v1.99g Standard LaTeX file
LaTeX Font Info:    Redeclaring font encoding T1 on input line 48.
)
LaTeX Font Info:    Try loading font information for T1+aer on input line 105.

(/usr/local/texlive/2015/texmf-dist/tex/latex/ae/t1aer.fd
File: t1aer.fd 1997/11/16 Font definitions for T1/aer.
)))
(/usr/local/texlive/2015/texmf-dist/tex/latex/tools/array.sty
Package: array 2014/10/28 v2.4c Tabular extension package (FMi)
\col@sep=\dimen205
\extrarowheight=\dimen206
\NC@list=\toks34
\extratabsurround=\skip83
\backup@length=\skip84
)
(/usr/local/texlive/2015/texmf-dist/tex/latex/tools/tabularx.sty
Package: tabularx 2014/10/28 v2.10 `tabularx' package (DPC)
\TX@col@width=\dimen207
\TX@old@table=\dimen208
\TX@old@col=\dimen209
\TX@target=\dimen210
\TX@delta=\dimen211
\TX@cols=\count149
\TX@ftn=\toks35
)
(./auto_roster.aux)
\openout1 = `auto_roster.aux'.

LaTeX Font Info:    Checking defaults for OML/cmm/m/it on input line 28.
LaTeX Font Info:    ... okay on input line 28.
LaTeX Font Info:    Checking defaults for T1/cmr/m/n on input line 28.
LaTeX Font Info:    ... okay on input line 28.
LaTeX Font Info:    Checking defaults for OT1/cmr/m/n on input line 28.
LaTeX Font Info:    ... okay on input line 28.
LaTeX Font Info:    Checking defaults for OMS/cmsy/m/n on input line 28.
LaTeX Font Info:    ... okay on input line 28.
LaTeX Font Info:    Checking defaults for OMX/cmex/m/n on input line 28.
LaTeX Font Info:    ... okay on input line 28.
LaTeX Font Info:    Checking defaults for U/cmr/m/n on input line 28.
LaTeX Font Info:    ... okay on input line 28.

(/usr/local/texlive/2015/texmf-dist/tex/context/base/supp-pdf.mkii
[Loading MPS to PDF converter (version 2006.09.02).]
\scratchcounter=\count150
\scratchdimen=\dimen212
\scratchbox=\box77
\nofMPsegments=\count151
\nofMParguments=\count152
\everyMPshowfont=\toks36
\MPscratchCnt=\count153
\MPscratchDim=\dimen213
\MPnumerator=\count154
\makeMPintoPDFobject=\count155
\everyMPtoPDFconversion=\toks37
) ABD: EveryShipout initializing macros
(/usr/local/texlive/2015/texmf-dist/tex/generic/oberdiek/pdftexcmds.sty
Package: pdftexcmds 2011/11/29 v0.20 Utility functions of pdfTeX for LuaTeX (HO
)

(/usr/local/texlive/2015/texmf-dist/tex/generic/oberdiek/ifluatex.sty
Package: ifluatex 2010/03/01 v1.3 Provides the ifluatex switch (HO)
Package ifluatex Info: LuaTeX not detected.
)
Package pdftexcmds Info: LuaTeX not detected.
Package pdftexcmds Info: \pdf@primitive is available.
Package pdftexcmds Info: \pdf@ifprimitive is available.
Package pdftexcmds Info: \pdfdraftmode found.
)
(/usr/local/texlive/2015/texmf-dist/tex/latex/oberdiek/epstopdf-base.sty
Package: epstopdf-base 2010/02/09 v2.5 Base part for package epstopdf

(/usr/local/texlive/2015/texmf-dist/tex/latex/oberdiek/grfext.sty
Package: grfext 2010/08/19 v1.1 Manage graphics extensions (HO)

(/usr/local/texlive/2015/texmf-dist/tex/generic/oberdiek/kvdefinekeys.sty
Package: kvdefinekeys 2011/04/07 v1.3 Define keys (HO)
))
(/usr/local/texlive/2015/texmf-dist/tex/latex/oberdiek/kvoptions.sty
Package: kvoptions 2011/06/30 v3.11 Key value format for package options (HO)

(/usr/local/texlive/2015/texmf-dist/tex/generic/oberdiek/kvsetkeys.sty
Package: kvsetkeys 2012/04/25 v1.16 Key value parser (HO)

(/usr/local/texlive/2015/texmf-dist/tex/generic/oberdiek/etexcmds.sty
Package: etexcmds 2011/02/16 v1.5 Avoid name clashes with e-TeX commands (HO)
Package etexcmds Info: Could not find \expanded.
(etexcmds)             That can mean that you are not using pdfTeX 1.50 or
(etexcmds)             that some package has redefined \expanded.
(etexcmds)             In the latter case, load this package earlier.
)))
Package grfext Info: Graphics extension search list:
(grfext)             [.png,.pdf,.jpg,.mps,.jpeg,.jbig2,.jb2,.PNG,.PDF,.JPG,.JPE
G,.JBIG2,.JB2,.eps]
(grfext)             \AppendGraphicsExtensions on input line 452.

(/usr/local/texlive/2015/texmf-dist/tex/latex/latexconfig/epstopdf-sys.cfg
File: epstopdf-sys.cfg 2010/07/13 v1.3 Configuration of (r)epstopdf for TeX Liv
e
))
*geometry* driver: auto-detecting
*geometry* detected driver: pdftex
*geometry* verbose mode - [ preamble ] result:
* driver: pdftex
* paper: custom
* layout: <same size as paper>
* layoutoffset:(h,v)=(0.0pt,0.0pt)
* modes: landscape 
* h-part:(L,W,R)=(12.46262pt, 962.9455pt, 12.46262pt)
* v-part:(T,H,B)=(12.46262pt, 673.81259pt, 12.46262pt)
* \paperwidth=987.87073pt
* \paperheight=698.73782pt
* \textwidth=962.9455pt
* \textheight=673.81259pt
* \oddsidemargin=-59.80737pt
* \evensidemargin=-59.80737pt
* \topmargin=-96.80737pt
* \headheight=12.0pt
* \headsep=25.0pt
* \topskip=10.0pt
* \footskip=30.0pt
* \marginparwidth=65.0pt
* \marginparsep=11.0pt
* \columnsep=10.0pt
* \skip\footins=9.0pt plus 4.0pt minus 2.0pt
* \hoffset=0.0pt
* \voffset=0.0pt
* \mag=1000
* \@twocolumnfalse
* \@twosidefalse
* \@mparswitchfalse
* \@reversemarginfalse
* (1in=72.27pt=25.4mm, 1cm=28.453pt)

<images/logo.jpg, id=29, 495.8525pt x 700.6175pt>
File: images/logo.jpg Graphic file (type jpg)
 <use images/logo.jpg>
Package pdftex.def Info: images/logo.jpg used on input line 75.
(pdftex.def)             Requested size: 48.1502pt x 68.02396pt.
LaTeX Font Info:    Try loading font information for U+msa on input line 75.

(/usr/local/texlive/2015/texmf-dist/tex/latex/amsfonts/umsa.fd
File: umsa.fd 2013/01/14 v3.01 AMS symbols A
)
LaTeX Font Info:    Try loading font information for U+msb on input line 75.

(/usr/local/texlive/2015/texmf-dist/tex/latex/amsfonts/umsb.fd
File: umsb.fd 2013/01/14 v3.01 AMS symbols B
)
File: images/logo.jpg Graphic file (type jpg)

<use images/logo.jpg>
Package pdftex.def Info: images/logo.jpg used on input line 75.
(pdftex.def)             Requested size: 47.68906pt x 67.38536pt.
 <images/censi.jpg, id=30, 664.4825pt x 859.21pt>
<use images/censi.jpg> <images/paull.jpg, id=31, 332.24126pt x 429.605pt>
<use images/paull.jpg> <use images/censi.jpg> <use images/paull.jpg>
File: images/censi.jpg Graphic file (type jpg)

<use images/censi.jpg>
Package pdftex.def Info: images/censi.jpg used on input line 92.
(pdftex.def)             Requested size: 100.7432pt x 130.26564pt.
File: images/paull.jpg Graphic file (type jpg)
 <use images/paull.jpg>
Package pdftex.def Info: images/paull.jpg used on input line 92.
(pdftex.def)             Requested size: 100.7432pt x 130.26564pt.
Missing character: There is no ; in font nullfont!
Missing character: There is no ; in font nullfont!
Missing character: There is no ; in font nullfont!

<images/frazzoli.jpg, id=32, 664.4825pt x 859.21pt> <use images/frazzoli.jpg>
<images/how.jpg, id=33, 664.4825pt x 859.21pt> <use images/how.jpg>
<images/karaman.jpg, id=34, 664.4825pt x 859.21pt> <use images/karaman.jpg>
<images/leonard.jpg, id=35, 664.4825pt x 859.21pt> <use images/leonard.jpg>
<images/rus.jpg, id=36, 664.4825pt x 859.21pt> <use images/rus.jpg>
<images/delvecchio.jpg, id=37, 664.4825pt x 859.21pt>
<use images/delvecchio.jpg> <use images/frazzoli.jpg> <use images/how.jpg>
<use images/karaman.jpg> <use images/leonard.jpg> <use images/rus.jpg>
<use images/delvecchio.jpg>
File: images/frazzoli.jpg Graphic file (type jpg)
 <use images/frazzoli.jpg>
Package pdftex.def Info: images/frazzoli.jpg used on input line 115.
(pdftex.def)             Requested size: 85.63232pt x 110.71793pt.
File: images/how.jpg Graphic file (type jpg)
 <use images/how.jpg>
Package pdftex.def Info: images/how.jpg used on input line 115.
(pdftex.def)             Requested size: 85.63232pt x 110.71793pt.
File: images/karaman.jpg Graphic file (type jpg)

<use images/karaman.jpg>
Package pdftex.def Info: images/karaman.jpg used on input line 115.
(pdftex.def)             Requested size: 85.63232pt x 110.71793pt.
File: images/leonard.jpg Graphic file (type jpg)
 <use images/leonard.jpg>
Package pdftex.def Info: images/leonard.jpg used on input line 115.
(pdftex.def)             Requested size: 85.63232pt x 110.71793pt.
File: images/rus.jpg Graphic file (type jpg)
 <use images/rus.jpg>
Package pdftex.def Info: images/rus.jpg used on input line 115.
(pdftex.def)             Requested size: 85.63232pt x 110.71793pt.
File: images/delvecchio.jpg Graphic file (type jpg)

<use images/delvecchio.jpg>
Package pdftex.def Info: images/delvecchio.jpg used on input line 115.
(pdftex.def)             Requested size: 85.63232pt x 110.71793pt.
Missing character: There is no ; in font nullfont!
Missing character: There is no ; in font nullfont!
Missing character: There is no ; in font nullfont!
 <images/ahn.jpg, id=38, 664.4825pt x 859.21pt>
<use images/ahn.jpg> <images/alonso-mora.jpg, id=39, 159.4758pt x 206.2104pt>
<use images/alonso-mora.jpg>
<images/bowser.jpg, id=40, 498.36188pt x 644.4075pt> <use images/bowser.jpg>
<images/choi.jpg, id=41, 664.4825pt x 859.21pt> <use images/choi.jpg>
<images/chen.jpg, id=42, 664.4825pt x 859.21pt> <use images/chen.jpg>
<images/cap.jpg, id=43, 159.4758pt x 206.2104pt> <use images/cap.jpg>
<images/carlone.jpg, id=44, 318.9516pt x 412.4208pt> <use images/carlone.jpg>
<images/dusek.jpg, id=45, 664.4825pt x 859.21pt> <use images/dusek.jpg>
<images/franzoni.jpg, id=46, 498.36188pt x 644.4075pt>
<use images/franzoni.jpg>
<images/garcia-mallen.jpg, id=47, 159.4758pt x 206.2104pt>
<use images/garcia-mallen.jpg>
<images/hoehener.jpg, id=48, 664.4825pt x 859.21pt> <use images/hoehener.jpg>
<images/kwan.jpg, id=49, 498.36188pt x 644.4075pt> <use images/kwan.jpg>
<images/liu.jpg, id=50, 136.69354pt x 176.75177pt> <use images/liu.jpg>
<images/novitzky.jpg, id=51, 664.4825pt x 859.21pt> <use images/novitzky.jpg>
<images/pazis.jpg, id=52, 664.4825pt x 859.21pt> <use images/pazis.jpg>
<images/rosman.jpg, id=53, 664.4825pt x 859.21pt> <use images/rosman.jpg>
<images/subedi.jpg, id=54, 664.4825pt x 859.21pt> <use images/subedi.jpg>
<images/tani.jpg, id=55, 159.4758pt x 206.2104pt> <use images/tani.jpg>
<images/wang.jpg, id=56, 664.4825pt x 859.21pt> <use images/wang.jpg>
<images/waller.jpg, id=57, 332.24126pt x 429.605pt> <use images/waller.jpg>
<images/welch.jpg, id=58, 159.4758pt x 206.2104pt> <use images/welch.jpg>
<images/yershov.jpg, id=59, 664.4825pt x 859.21pt> <use images/yershov.jpg>
<images/zhao.jpg, id=60, 664.4825pt x 859.21pt> <use images/zhao.jpg>
<use images/ahn.jpg> <use images/alonso-mora.jpg> <use images/bowser.jpg>
<use images/choi.jpg> <use images/chen.jpg> <use images/cap.jpg>
<use images/carlone.jpg> <use images/dusek.jpg> <use images/franzoni.jpg>
<use images/garcia-mallen.jpg> <use images/hoehener.jpg> <use images/kwan.jpg>
<use images/liu.jpg> <use images/novitzky.jpg> <use images/pazis.jpg>
<use images/rosman.jpg> <use images/subedi.jpg> <use images/tani.jpg>
<use images/wang.jpg> <use images/waller.jpg> <use images/welch.jpg>
<use images/yershov.jpg> <use images/zhao.jpg>
File: images/ahn.jpg Graphic file (type jpg)
 <use images/ahn.jpg>
Package pdftex.def Info: images/ahn.jpg used on input line 156.
(pdftex.def)             Requested size: 43.51053pt x 56.25703pt.
File: images/alonso-mora.jpg Graphic file (type jpg)

<use images/alonso-mora.jpg>
Package pdftex.def Info: images/alonso-mora.jpg used on input line 156.
(pdftex.def)             Requested size: 43.51053pt x 56.25964pt.
File: images/bowser.jpg Graphic file (type jpg)
 <use images/bowser.jpg>
Package pdftex.def Info: images/bowser.jpg used on input line 156.
(pdftex.def)             Requested size: 43.51053pt x 56.25375pt.
File: images/choi.jpg Graphic file (type jpg)
 <use images/choi.jpg>
Package pdftex.def Info: images/choi.jpg used on input line 156.
(pdftex.def)             Requested size: 43.51053pt x 56.25703pt.
File: images/chen.jpg Graphic file (type jpg)

<use images/chen.jpg>
Package pdftex.def Info: images/chen.jpg used on input line 156.
(pdftex.def)             Requested size: 43.51053pt x 56.25703pt.
File: images/cap.jpg Graphic file (type jpg)
 <use images/cap.jpg>
Package pdftex.def Info: images/cap.jpg used on input line 156.
(pdftex.def)             Requested size: 43.51053pt x 56.25964pt.
File: images/carlone.jpg Graphic file (type jpg)
 <use images/carlone.jpg>
Package pdftex.def Info: images/carlone.jpg used on input line 156.
(pdftex.def)             Requested size: 43.51053pt x 56.25964pt.
File: images/dusek.jpg Graphic file (type jpg)

<use images/dusek.jpg>
Package pdftex.def Info: images/dusek.jpg used on input line 156.
(pdftex.def)             Requested size: 43.51053pt x 56.25703pt.
File: images/franzoni.jpg Graphic file (type jpg)
 <use images/franzoni.jpg>
Package pdftex.def Info: images/franzoni.jpg used on input line 156.
(pdftex.def)             Requested size: 43.51053pt x 56.25375pt.
File: images/garcia-mallen.jpg Graphic file (type jpg)

<use images/garcia-mallen.jpg>
Package pdftex.def Info: images/garcia-mallen.jpg used on input line 156.
(pdftex.def)             Requested size: 43.51053pt x 56.25964pt.
File: images/hoehener.jpg Graphic file (type jpg)
 <use images/hoehener.jpg>
Package pdftex.def Info: images/hoehener.jpg used on input line 156.
(pdftex.def)             Requested size: 43.51053pt x 56.25703pt.
File: images/kwan.jpg Graphic file (type jpg)
 <use images/kwan.jpg>
Package pdftex.def Info: images/kwan.jpg used on input line 156.
(pdftex.def)             Requested size: 43.51053pt x 56.25375pt.
File: images/liu.jpg Graphic file (type jpg)

<use images/liu.jpg>
Package pdftex.def Info: images/liu.jpg used on input line 156.
(pdftex.def)             Requested size: 43.51053pt x 56.25964pt.
File: images/novitzky.jpg Graphic file (type jpg)
 <use images/novitzky.jpg>
Package pdftex.def Info: images/novitzky.jpg used on input line 156.
(pdftex.def)             Requested size: 43.51053pt x 56.25703pt.
File: images/pazis.jpg Graphic file (type jpg)
 <use images/pazis.jpg>
Package pdftex.def Info: images/pazis.jpg used on input line 156.
(pdftex.def)             Requested size: 43.51053pt x 56.25703pt.
File: images/rosman.jpg Graphic file (type jpg)

<use images/rosman.jpg>
Package pdftex.def Info: images/rosman.jpg used on input line 156.
(pdftex.def)             Requested size: 43.51053pt x 56.25703pt.
File: images/subedi.jpg Graphic file (type jpg)
 <use images/subedi.jpg>
Package pdftex.def Info: images/subedi.jpg used on input line 156.
(pdftex.def)             Requested size: 43.51053pt x 56.25703pt.
File: images/tani.jpg Graphic file (type jpg)
 <use images/tani.jpg>
Package pdftex.def Info: images/tani.jpg used on input line 156.
(pdftex.def)             Requested size: 43.51053pt x 56.25964pt.

Underfull \hbox (badness 10000) in paragraph at lines 156--156
[]|\T1/aer/m/n/5 Jonathan Garcia-
 []


Underfull \hbox (badness 10000) in paragraph at lines 156--156
[]|\T1/aer/m/n/5 Michael (Misha)
 []


Underfull \hbox (badness 10000) in paragraph at lines 156--156
[]|\T1/aer/m/n/5 Chandan Sharma
 []

File: images/wang.jpg Graphic file (type jpg)
<use images/wang.jpg>
Package pdftex.def Info: images/wang.jpg used on input line 156.
(pdftex.def)             Requested size: 43.51053pt x 56.25703pt.
File: images/waller.jpg Graphic file (type jpg)
 <use images/waller.jpg>
Package pdftex.def Info: images/waller.jpg used on input line 156.
(pdftex.def)             Requested size: 43.51053pt x 56.25703pt.
File: images/welch.jpg Graphic file (type jpg)
 <use images/welch.jpg>
Package pdftex.def Info: images/welch.jpg used on input line 156.
(pdftex.def)             Requested size: 43.51053pt x 56.25964pt.
File: images/yershov.jpg Graphic file (type jpg)

<use images/yershov.jpg>
Package pdftex.def Info: images/yershov.jpg used on input line 156.
(pdftex.def)             Requested size: 43.51053pt x 56.25703pt.
File: images/zhao.jpg Graphic file (type jpg)
 <use images/zhao.jpg>
Package pdftex.def Info: images/zhao.jpg used on input line 156.
(pdftex.def)             Requested size: 43.51053pt x 56.25703pt.

Underfull \hbox (badness 10000) in paragraph at lines 156--156
[]|\T1/aer/m/n/5 Hsueh-Cheng Nick
 []

Missing character: There is no ; in font nullfont!
Missing character: There is no ; in font nullfont!
Missing character: There is no ; in font nullfont!
<images/nsf.jpg, id=61, 664.4825pt x 859.21pt> <use images/nsf.jpg>
<images/theconstruct.jpg, id=62, 318.9516pt x 412.4208pt>
<use images/theconstruct.jpg> <use images/nsf.jpg>
<use images/theconstruct.jpg>
File: images/nsf.jpg Graphic file (type jpg)
 <use images/nsf.jpg>
Package pdftex.def Info: images/nsf.jpg used on input line 171.
(pdftex.def)             Requested size: 80.59485pt x 104.20203pt.
File: images/theconstruct.jpg Graphic file (type jpg)

<use images/theconstruct.jpg>
Package pdftex.def Info: images/theconstruct.jpg used on input line 171.
(pdftex.def)             Requested size: 80.59485pt x 104.21251pt.
Missing character: There is no ; in font nullfont!
Missing character: There is no ; in font nullfont!
Missing character: There is no ; in font nullfont!

<images/valeria.jpg, id=63, 318.9516pt x 412.4208pt> <use images/valeria.jpg>
<images/greta.jpg, id=64, 664.4825pt x 859.21pt> <use images/greta.jpg>
<images/ingrid.jpg, id=65, 664.4825pt x 859.21pt> <use images/ingrid.jpg>
<use images/valeria.jpg> <use images/greta.jpg> <use images/ingrid.jpg>
File: images/valeria.jpg Graphic file (type jpg)

<use images/valeria.jpg>
Package pdftex.def Info: images/valeria.jpg used on input line 187.
(pdftex.def)             Requested size: 50.52989pt x 65.3342pt.
File: images/greta.jpg Graphic file (type jpg)
 <use images/greta.jpg>
Package pdftex.def Info: images/greta.jpg used on input line 187.
(pdftex.def)             Requested size: 50.52989pt x 65.32948pt.
File: images/ingrid.jpg Graphic file (type jpg)
 <use images/ingrid.jpg>
Package pdftex.def Info: images/ingrid.jpg used on input line 187.
(pdftex.def)             Requested size: 50.52989pt x 65.32948pt.
Missing character: There is no ; in font nullfont!
Missing character: There is no ; in font nullfont!
Missing character: There is no ; in font nullfont!

<images/amadoa.jpg, id=66, 332.24126pt x 429.605pt> <use images/amadoa.jpg>
<images/onasafari.jpg, id=67, 332.24126pt x 429.605pt>
<use images/onasafari.jpg> <images/araki.jpg, id=68, 664.4825pt x 859.21pt>
<use images/araki.jpg> <images/nbuckman.jpg, id=69, 664.4825pt x 859.21pt>
<use images/nbuckman.jpg> <images/vdean.jpg, id=70, 664.4825pt x 859.21pt>
<use images/vdean.jpg> <images/npd22.jpg, id=71, 318.9516pt x 412.4208pt>
<use images/npd22.jpg> <images/mfe.jpg, id=72, 332.24126pt x 429.605pt>
<use images/mfe.jpg> <images/agirard.jpg, id=73, 498.36188pt x 644.4075pt>
<use images/agirard.jpg> <images/eharbitz.jpg, id=74, 664.4825pt x 859.21pt>
<use images/eharbitz.jpg> <images/rkk.jpg, id=75, 318.9516pt x 412.4208pt>
<use images/rkk.jpg> <images/lapentab.jpg, id=76, 332.24126pt x 429.605pt>
<use images/lapentab.jpg> <images/qlai.jpg, id=77, 318.9516pt x 412.4208pt>
<use images/qlai.jpg> <images/joe-wl.jpg, id=78, 318.9516pt x 412.4208pt>
<use images/joe-wl.jpg> <images/sang.jpg, id=79, 398.6895pt x 515.526pt>
<use images/sang.jpg> <images/catliu.jpg, id=80, 332.24126pt x 429.605pt>
<use images/catliu.jpg> <images/mrinal.jpg, id=81, 199.34476pt x 257.763pt>
<use images/mrinal.jpg> <images/teddy.jpg, id=82, 664.4825pt x 859.21pt>
<use images/teddy.jpg> <images/samcerq.jpg, id=83, 318.9516pt x 412.4208pt>
<use images/samcerq.jpg> <images/tristan.jpg, id=84, 199.34476pt x 257.763pt>
<use images/tristan.jpg> <images/jenshen.jpg, id=85, 332.24126pt x 429.605pt>
<use images/jenshen.jpg> <images/hanssusilo.jpg, id=86, 664.4825pt x 859.21pt>
<use images/hanssusilo.jpg>
<images/atacchet.jpg, id=87, 318.9516pt x 412.4208pt>
<use images/atacchet.jpg> <images/wubella.jpg, id=88, 598.03426pt x 773.289pt>
<use images/wubella.jpg> <images/valerio.jpg, id=89, 318.9516pt x 412.4208pt>
<use images/valerio.jpg> <use images/amadoa.jpg> <use images/onasafari.jpg>
<use images/araki.jpg> <use images/nbuckman.jpg> <use images/vdean.jpg>
<use images/npd22.jpg> <use images/mfe.jpg> <use images/agirard.jpg>
<use images/eharbitz.jpg> <use images/rkk.jpg> <use images/lapentab.jpg>
<use images/qlai.jpg> <use images/joe-wl.jpg> <use images/sang.jpg>
<use images/catliu.jpg> <use images/mrinal.jpg> <use images/teddy.jpg>
<use images/samcerq.jpg> <use images/tristan.jpg> <use images/jenshen.jpg>
<use images/hanssusilo.jpg> <use images/atacchet.jpg> <use images/wubella.jpg>
<use images/valerio.jpg>
File: images/amadoa.jpg Graphic file (type jpg)
 <use images/amadoa.jpg>
Package pdftex.def Info: images/amadoa.jpg used on input line 230.
(pdftex.def)             Requested size: 39.59767pt x 51.19638pt.
File: images/onasafari.jpg Graphic file (type jpg)
 <use images/onasafari.jpg>
Package pdftex.def Info: images/onasafari.jpg used on input line 230.
(pdftex.def)             Requested size: 39.59767pt x 51.19638pt.
File: images/araki.jpg Graphic file (type jpg)

<use images/araki.jpg>
Package pdftex.def Info: images/araki.jpg used on input line 230.
(pdftex.def)             Requested size: 39.59767pt x 51.19638pt.
File: images/nbuckman.jpg Graphic file (type jpg)
 <use images/nbuckman.jpg>
Package pdftex.def Info: images/nbuckman.jpg used on input line 230.
(pdftex.def)             Requested size: 39.59767pt x 51.19638pt.
File: images/vdean.jpg Graphic file (type jpg)
 <use images/vdean.jpg>
Package pdftex.def Info: images/vdean.jpg used on input line 230.
(pdftex.def)             Requested size: 39.59767pt x 51.19638pt.
File: images/npd22.jpg Graphic file (type jpg)

<use images/npd22.jpg>
Package pdftex.def Info: images/npd22.jpg used on input line 230.
(pdftex.def)             Requested size: 39.59767pt x 51.20006pt.
File: images/mfe.jpg Graphic file (type jpg)
 <use images/mfe.jpg>
Package pdftex.def Info: images/mfe.jpg used on input line 230.
(pdftex.def)             Requested size: 39.59767pt x 51.19638pt.
File: images/agirard.jpg Graphic file (type jpg)
 <use images/agirard.jpg>
Package pdftex.def Info: images/agirard.jpg used on input line 230.
(pdftex.def)             Requested size: 39.59767pt x 51.19966pt.
File: images/eharbitz.jpg Graphic file (type jpg)

<use images/eharbitz.jpg>
Package pdftex.def Info: images/eharbitz.jpg used on input line 230.
(pdftex.def)             Requested size: 39.59767pt x 51.19638pt.
File: images/rkk.jpg Graphic file (type jpg)
 <use images/rkk.jpg>
Package pdftex.def Info: images/rkk.jpg used on input line 230.
(pdftex.def)             Requested size: 39.59767pt x 51.20006pt.
File: images/lapentab.jpg Graphic file (type jpg)
 <use images/lapentab.jpg>
Package pdftex.def Info: images/lapentab.jpg used on input line 230.
(pdftex.def)             Requested size: 39.59767pt x 51.19638pt.
File: images/qlai.jpg Graphic file (type jpg)

<use images/qlai.jpg>
Package pdftex.def Info: images/qlai.jpg used on input line 230.
(pdftex.def)             Requested size: 39.59767pt x 51.20006pt.
File: images/joe-wl.jpg Graphic file (type jpg)
 <use images/joe-wl.jpg>
Package pdftex.def Info: images/joe-wl.jpg used on input line 230.
(pdftex.def)             Requested size: 39.59767pt x 51.20006pt.
File: images/sang.jpg Graphic file (type jpg)
 <use images/sang.jpg>
Package pdftex.def Info: images/sang.jpg used on input line 230.
(pdftex.def)             Requested size: 39.59767pt x 51.20163pt.
File: images/catliu.jpg Graphic file (type jpg)

<use images/catliu.jpg>
Package pdftex.def Info: images/catliu.jpg used on input line 230.
(pdftex.def)             Requested size: 39.59767pt x 51.19638pt.
File: images/mrinal.jpg Graphic file (type jpg)
 <use images/mrinal.jpg>
Package pdftex.def Info: images/mrinal.jpg used on input line 230.
(pdftex.def)             Requested size: 39.59767pt x 51.20163pt.
File: images/teddy.jpg Graphic file (type jpg)
 <use images/teddy.jpg>
Package pdftex.def Info: images/teddy.jpg used on input line 230.
(pdftex.def)             Requested size: 39.59767pt x 51.19638pt.
File: images/samcerq.jpg Graphic file (type jpg)

<use images/samcerq.jpg>
Package pdftex.def Info: images/samcerq.jpg used on input line 230.
(pdftex.def)             Requested size: 39.59767pt x 51.20006pt.

Underfull \hbox (badness 10000) in paragraph at lines 230--230
[]|\T1/aer/m/n/5 Samuel Cerqueira
 []

File: images/tristan.jpg Graphic file (type jpg)
<use images/tristan.jpg>
Package pdftex.def Info: images/tristan.jpg used on input line 230.
(pdftex.def)             Requested size: 39.59767pt x 51.20163pt.
File: images/jenshen.jpg Graphic file (type jpg)
 <use images/jenshen.jpg>
Package pdftex.def Info: images/jenshen.jpg used on input line 230.
(pdftex.def)             Requested size: 39.59767pt x 51.19638pt.
File: images/hanssusilo.jpg Graphic file (type jpg)
 <use images/hanssusilo.jpg>
Package pdftex.def Info: images/hanssusilo.jpg used on input line 230.
(pdftex.def)             Requested size: 39.59767pt x 51.19638pt.
File: images/atacchet.jpg Graphic file (type jpg)

<use images/atacchet.jpg>
Package pdftex.def Info: images/atacchet.jpg used on input line 230.
(pdftex.def)             Requested size: 39.59767pt x 51.20006pt.
File: images/wubella.jpg Graphic file (type jpg)
 <use images/wubella.jpg>
Package pdftex.def Info: images/wubella.jpg used on input line 230.
(pdftex.def)             Requested size: 39.59767pt x 51.1977pt.
File: images/valerio.jpg Graphic file (type jpg)
 <use images/valerio.jpg>
Package pdftex.def Info: images/valerio.jpg used on input line 230.
(pdftex.def)             Requested size: 39.59767pt x 51.20006pt.
Missing character: There is no ; in font nullfont!
Missing character: There is no ; in font nullfont!
Missing character: There is no ; in font nullfont!

[2

{/usr/local/texlive/2015/texmf-var/fonts/map/pdftex/updmap/pdftex.map} <./image
s/logo.jpg> <./images/censi.jpg> <./images/paull.jpg> <./images/frazzoli.jpg> <
./images/how.jpg> <./images/karaman.jpg> <./images/leonard.jpg> <./images/rus.j
pg> <./images/delvecchio.jpg> <./images/ahn.jpg> <./images/alonso-mora.jpg> <./
images/bowser.jpg> <./images/choi.jpg> <./images/chen.jpg> <./images/cap.jpg> <
./images/carlone.jpg> <./images/dusek.jpg> <./images/franzoni.jpg> <./images/ga
rcia-mallen.jpg> <./images/hoehener.jpg> <./images/kwan.jpg> <./images/liu.jpg>
 <./images/novitzky.jpg> <./images/pazis.jpg> <./images/rosman.jpg> <./images/s
ubedi.jpg> <./images/tani.jpg> <./images/wang.jpg> <./images/waller.jpg> <./ima
ges/welch.jpg> <./images/yershov.jpg> <./images/zhao.jpg> <./images/nsf.jpg> <.
/images/theconstruct.jpg> <./images/valeria.jpg> <./images/greta.jpg> <./images
/ingrid.jpg> <./images/amadoa.jpg> <./images/onasafari.jpg> <./images/araki.jpg
> <./images/nbuckman.jpg> <./images/vdean.jpg> <./images/npd22.jpg> <./images/m
fe.jpg> <./images/agirard.jpg> <./images/eharbitz.jpg> <./images/rkk.jpg> <./im
ages/lapentab.jpg> <./images/qlai.jpg> <./images/joe-wl.jpg> <./images/sang.jpg
> <./images/catliu.jpg> <./images/mrinal.jpg> <./images/teddy.jpg> <./images/sa
mcerq.jpg> <./images/tristan.jpg> <./images/jenshen.jpg> <./images/hanssusilo.j
pg> <./images/atacchet.jpg> <./images/wubella.jpg> <./images/valerio.jpg>]
(./auto_roster.aux) ) 
Here is how much of TeX's memory you used:
 16733 strings out of 493093
 333191 string characters out of 6134989
 435473 words of memory out of 5000000
 19790 multiletter control sequences out of 15000+600000
 23873 words of font info for 44 fonts, out of 8000000 for 9000
 1141 hyphenation exceptions out of 8191
 62i,17n,76p,413b,990s stack positions out of 5000i,500n,10000p,200000b,80000s
</usr/local/texlive/2015/texmf-dist/fonts/type1/public/ams
fonts/cm/cmcsc10.pfb></usr/local/texlive/2015/texmf-dist/fonts/type1/public/ams
fonts/cm/cmr5.pfb>
Output written on auto_roster.pdf (1 page, 8675803 bytes).
PDF statistics:
 104 PDF objects out of 1000 (max. 8388607)
 21 compressed objects within 1 object stream
 0 named destinations out of 1000 (max. 500000)
 414 words of extra memory for PDF output out of 10000 (max. 10000000)

